# JRE version: OpenJDK Runtime Environment (15.0.2+7) (build 15.0.2+7-27)
# Java VM: OpenJDK 64-Bit Server VM (15.0.2+7-27, mixed mode, tiered, compressed oops, g1 gc, windows-amd64)
GC Precious Log:
 CPUs: 4 total, 4 available
 Memory: 3910M
 Large Page Support: Disabled
 NUMA Support: Disabled
 Compressed Oops: Enabled (32-bit)
 Heap Region Size: 1M
 Heap Min Capacity: 8M
 Heap Initial Capacity: 62M
 Heap Max Capacity: 978M
 Pre-touch: Disabled
 Parallel Workers: 4
 Concurrent Workers: 1
 Concurrent Refinement Workers: 4
 Periodic GC: Disabled
Heap:
 garbage-first heap   total 60416K, used 33793K [0x00000000c2e00000, 0x0000000100000000)
  region size 1024K, 2 young (2048K), 1 survivors (1024K)
 Metaspace       used 36701K, capacity 37079K, committed 37328K, reserved 1083392K
  class space    used 4052K, capacity 4159K, committed 4224K, reserved 1048576K
GC Heap History (16 events):
Event: 5.469 GC heap before
{Heap before GC invocations=0 (full 0):
 garbage-first heap   total 63488K, used 13312K [0x00000000c2e00000, 0x0000000100000000)
  region size 1024K, 13 young (13312K), 0 survivors (0K)
 Metaspace       used 13691K, capacity 13938K, committed 14208K, reserved 1062912K
  class space    used 1250K, capacity 1317K, committed 1408K, reserved 1048576K
}
Event: 5.481 GC heap after
{Heap after GC invocations=1 (full 0):
 garbage-first heap   total 63488K, used 3619K [0x00000000c2e00000, 0x0000000100000000)
  region size 1024K, 2 young (2048K), 2 survivors (2048K)
 Metaspace       used 13691K, capacity 13938K, committed 14208K, reserved 1062912K
  class space    used 1250K, capacity 1317K, committed 1408K, reserved 1048576K
}
Event: 7.005 GC heap before
{Heap before GC invocations=1 (full 0):
 garbage-first heap   total 63488K, used 20003K [0x00000000c2e00000, 0x0000000100000000)
  region size 1024K, 15 young (15360K), 2 survivors (2048K)
 Metaspace       used 20675K, capacity 20879K, committed 20992K, reserved 1069056K
  class space    used 1990K, capacity 2029K, committed 2048K, reserved 1048576K
}
Event: 7.013 GC heap after
{Heap after GC invocations=2 (full 0):
 garbage-first heap   total 63488K, used 9992K [0x00000000c2e00000, 0x0000000100000000)
  region size 1024K, 2 young (2048K), 2 survivors (2048K)
 Metaspace       used 20675K, capacity 20879K, committed 20992K, reserved 1069056K
  class space    used 1990K, capacity 2029K, committed 2048K, reserved 1048576K
}
Event: 7.293 GC heap before
{Heap before GC invocations=2 (full 0):
 garbage-first heap   total 63488K, used 13064K [0x00000000c2e00000, 0x0000000100000000)
  region size 1024K, 6 young (6144K), 2 survivors (2048K)
 Metaspace       used 20906K, capacity 21106K, committed 21296K, reserved 1069056K
  class space    used 2028K, capacity 2062K, committed 2176K, reserved 1048576K
}
Event: 7.299 GC heap after
{Heap after GC invocations=3 (full 0):
 garbage-first heap   total 63488K, used 10357K [0x00000000c2e00000, 0x0000000100000000)
  region size 1024K, 1 young (1024K), 1 survivors (1024K)
 Metaspace       used 20906K, capacity 21106K, committed 21296K, reserved 1069056K
  class space    used 2028K, capacity 2062K, committed 2176K, reserved 1048576K
}
Event: 9.616 GC heap before
{Heap before GC invocations=4 (full 0):
 garbage-first heap   total 40960K, used 32885K [0x00000000c2e00000, 0x0000000100000000)
  region size 1024K, 24 young (24576K), 1 survivors (1024K)
 Metaspace       used 30092K, capacity 30376K, committed 30640K, reserved 1077248K
  class space    used 3170K, capacity 3230K, committed 3328K, reserved 1048576K
}
Event: 9.623 GC heap after
{Heap after GC invocations=5 (full 0):
 garbage-first heap   total 40960K, used 13454K [0x00000000c2e00000, 0x0000000100000000)
  region size 1024K, 3 young (3072K), 3 survivors (3072K)
 Metaspace       used 30092K, capacity 30376K, committed 30640K, reserved 1077248K
  class space    used 3170K, capacity 3230K, committed 3328K, reserved 1048576K
}
Event: 13.567 GC heap before
{Heap before GC invocations=5 (full 0):
 garbage-first heap   total 40960K, used 31886K [0x00000000c2e00000, 0x0000000100000000)
  region size 1024K, 17 young (17408K), 3 survivors (3072K)
 Metaspace       used 35581K, capacity 35816K, committed 35920K, reserved 1081344K
  class space    used 3987K, capacity 4058K, committed 4096K, reserved 1048576K
}
Event: 13.574 GC heap after
{Heap after GC invocations=6 (full 0):
 garbage-first heap   total 40960K, used 22287K [0x00000000c2e00000, 0x0000000100000000)
  region size 1024K, 3 young (3072K), 3 survivors (3072K)
 Metaspace       used 35581K, capacity 35816K, committed 35920K, reserved 1081344K
  class space    used 3987K, capacity 4058K, committed 4096K, reserved 1048576K
}
Event: 19.993 GC heap before
{Heap before GC invocations=7 (full 0):
 garbage-first heap   total 40960K, used 24335K [0x00000000c2e00000, 0x0000000100000000)
  region size 1024K, 7 young (7168K), 3 survivors (3072K)
 Metaspace       used 36351K, capacity 36616K, committed 36688K, reserved 1081344K
  class space    used 4025K, capacity 4090K, committed 4096K, reserved 1048576K
}
Event: 19.997 GC heap after
{Heap after GC invocations=8 (full 0):
 garbage-first heap   total 40960K, used 23149K [0x00000000c2e00000, 0x0000000100000000)
  region size 1024K, 1 young (1024K), 1 survivors (1024K)
 Metaspace       used 36351K, capacity 36616K, committed 36688K, reserved 1081344K
  class space    used 4025K, capacity 4090K, committed 4096K, reserved 1048576K
}
Event: 23.757 GC heap before
{Heap before GC invocations=9 (full 0):
 garbage-first heap   total 53248K, used 30317K [0x00000000c2e00000, 0x0000000100000000)
  region size 1024K, 4 young (4096K), 1 survivors (1024K)
 Metaspace       used 36580K, capacity 36840K, committed 37072K, reserved 1083392K
  class space    used 4046K, capacity 4122K, committed 4224K, reserved 1048576K
}
Event: 23.760 GC heap after
{Heap after GC invocations=10 (full 0):
 garbage-first heap   total 53248K, used 30680K [0x00000000c2e00000, 0x0000000100000000)
  region size 1024K, 1 young (1024K), 1 survivors (1024K)
 Metaspace       used 36580K, capacity 36840K, committed 37072K, reserved 1083392K
  class space    used 4046K, capacity 4122K, committed 4224K, reserved 1048576K
}
Event: 126.991 GC heap before
{Heap before GC invocations=11 (full 0):
 garbage-first heap   total 55296K, used 32728K [0x00000000c2e00000, 0x0000000100000000)
  region size 1024K, 4 young (4096K), 1 survivors (1024K)
 Metaspace       used 36696K, capacity 37079K, committed 37328K, reserved 1083392K
  class space    used 4052K, capacity 4159K, committed 4224K, reserved 1048576K
}
Event: 127.028 GC heap after
{Heap after GC invocations=12 (full 0):
 garbage-first heap   total 55296K, used 30721K [0x00000000c2e00000, 0x0000000100000000)
  region size 1024K, 1 young (1024K), 1 survivors (1024K)
 Metaspace       used 36696K, capacity 37079K, committed 37328K, reserved 1083392K
  class space    used 4052K, capacity 4159K, committed 4224K, reserved 1048576K
}

